Using pre-set license
Built from '2021.1/staging' branch; Version is '2021.1.11f1 (4d8c25f7477e) revision 5082149'; Using compiler version '192528614'; Build Type 'Release'
OS: 'Windows 10 Home; OS build 19042.1237; Version 2009; 64bit' Language: 'ru' Physical Memory: 32614 MB
BatchMode: 1, IsHumanControllingUs: 0, StartBugReporterOnCrash: 0, Is64bit: 1, IsPro: 0

 COMMAND LINE ARGUMENTS:
D:\unity\unity\Unity_Itself\2021.1.11f1\Editor\Unity.exe
-adb2
-batchMode
-noUpm
-name
AssetImportWorker4
-projectPath
D:/unity/games/gmtk_jam_2021/gmtk_jam_2021_horror
-logFile
Logs/AssetImportWorker4.log
-srvPort
50031
Successfully changed project path to: D:/unity/games/gmtk_jam_2021/gmtk_jam_2021_horror
D:/unity/games/gmtk_jam_2021/gmtk_jam_2021_horror
Using Asset Import Pipeline V2.
Refreshing native plugins compatible for Editor in 275.45 ms, found 4 plugins.
Preloading 0 native plugins for Editor in 0.00 ms.
Initialize engine version: 2021.1.11f1 (4d8c25f7477e)
[Subsystems] Discovering subsystems at path D:/unity/unity/Unity_Itself/2021.1.11f1/Editor/Data/Resources/UnitySubsystems
[Subsystems] Discovering subsystems at path D:/unity/games/gmtk_jam_2021/gmtk_jam_2021_horror/Assets
GfxDevice: creating device client; threaded=0; jobified=0
Direct3D:
    Version:  Direct3D 11.0 [level 11.1]
    Renderer: NVIDIA GeForce GTX 1050 Ti (ID=0x1c8c)
    Vendor:   NVIDIA
    VRAM:     4021 MB
    Driver:   27.21.14.6677
Shader 'Universal Render Pipeline/Particles/Lit': fallback shader 'Universal Render Pipeline/Particles/SimpleLit' not found
Initialize mono
Mono path[0] = 'D:/unity/unity/Unity_Itself/2021.1.11f1/Editor/Data/Managed'
Mono path[1] = 'D:/unity/unity/Unity_Itself/2021.1.11f1/Editor/Data/MonoBleedingEdge/lib/mono/unityjit'
Mono config path = 'D:/unity/unity/Unity_Itself/2021.1.11f1/Editor/Data/MonoBleedingEdge/etc'
Using monoOptions --debugger-agent=transport=dt_socket,embedding=1,server=y,suspend=n,address=127.0.0.1:56140
Begin MonoManager ReloadAssembly
Registering precompiled unity dll's ...
Register platform support module: D:/unity/unity/Unity_Itself/2021.1.11f1/Editor/Data/PlaybackEngines/WebGLSupport/UnityEditor.WebGL.Extensions.dll
Register platform support module: D:/unity/unity/Unity_Itself/2021.1.11f1/Editor/Data/PlaybackEngines/WindowsStandaloneSupport/UnityEditor.WindowsStandalone.Extensions.dll
Registered in 0.004732 seconds.
Native extension for WindowsStandalone target not found
Native extension for WebGL target not found
Refreshing native plugins compatible for Editor in 315.93 ms, found 4 plugins.
Preloading 0 native plugins for Editor in 0.00 ms.
Mono: successfully reloaded assembly
- Completed reload, in  4.710 seconds
Domain Reload Profiling:
	ReloadAssembly (4711ms)
		BeginReloadAssembly (191ms)
			ExecutionOrderSort (0ms)
			DisableScriptedObjects (0ms)
			BackupInstance (0ms)
			ReleaseScriptingObjects (0ms)
			CreateAndSetChildDomain (3ms)
		EndReloadAssembly (2040ms)
			LoadAssemblies (188ms)
			RebuildTransferFunctionScriptingTraits (0ms)
			SetupTypeCache (773ms)
			ReleaseScriptCaches (0ms)
			RebuildScriptCaches (129ms)
			SetupLoadedEditorAssemblies (945ms)
				LogAssemblyErrors (0ms)
				InitializePlatformSupportModulesInManaged (32ms)
				SetLoadedEditorAssemblies (1ms)
				RefreshPlugins (316ms)
				BeforeProcessingInitializeOnLoad (5ms)
				ProcessInitializeOnLoadAttributes (441ms)
				ProcessInitializeOnLoadMethodAttributes (148ms)
				AfterProcessingInitializeOnLoad (0ms)
				EditorAssembliesLoaded (1ms)
			ExecutionOrderSort2 (0ms)
			AwakeInstancesAfterBackupRestoration (0ms)
Platform modules already initialized, skipping
Registering precompiled user dll's ...
Registered in 0.039305 seconds.
Begin MonoManager ReloadAssembly
Symbol file LoadedFromMemory is not a mono symbol file
Symbol file LoadedFromMemory is not a mono symbol file
Symbol file LoadedFromMemory is not a mono symbol file
Symbol file LoadedFromMemory is not a mono symbol file
Symbol file LoadedFromMemory is not a mono symbol file
Symbol file LoadedFromMemory is not a mono symbol file
Symbol file LoadedFromMemory is not a mono symbol file
Symbol file LoadedFromMemory is not a mono symbol file
Symbol file LoadedFromMemory is not a mono symbol file
Symbol file LoadedFromMemory is not a mono symbol file
Symbol file LoadedFromMemory is not a mono symbol file
Native extension for WindowsStandalone target not found
Native extension for WebGL target not found
Refreshing native plugins compatible for Editor in 331.15 ms, found 4 plugins.
Preloading 0 native plugins for Editor in 0.00 ms.
Mono: successfully reloaded assembly
- Completed reload, in  7.129 seconds
Domain Reload Profiling:
	ReloadAssembly (7131ms)
		BeginReloadAssembly (749ms)
			ExecutionOrderSort (0ms)
			DisableScriptedObjects (20ms)
			BackupInstance (0ms)
			ReleaseScriptingObjects (0ms)
			CreateAndSetChildDomain (79ms)
		EndReloadAssembly (6073ms)
			LoadAssemblies (566ms)
			RebuildTransferFunctionScriptingTraits (0ms)
			SetupTypeCache (2518ms)
			ReleaseScriptCaches (2ms)
			RebuildScriptCaches (296ms)
			SetupLoadedEditorAssemblies (2163ms)
				LogAssemblyErrors (0ms)
				InitializePlatformSupportModulesInManaged (23ms)
				SetLoadedEditorAssemblies (1ms)
				RefreshPlugins (331ms)
				BeforeProcessingInitializeOnLoad (403ms)
				ProcessInitializeOnLoadAttributes (1323ms)
				ProcessInitializeOnLoadMethodAttributes (70ms)
				AfterProcessingInitializeOnLoad (10ms)
				EditorAssembliesLoaded (1ms)
			ExecutionOrderSort2 (0ms)
			AwakeInstancesAfterBackupRestoration (30ms)
Platform modules already initialized, skipping
========================================================================
Worker process is ready to serve import requests
Shader 'Universal Render Pipeline/Particles/Lit': fallback shader 'Universal Render Pipeline/Particles/SimpleLit' not found
Launched and connected shader compiler UnityShaderCompiler.exe after 0.52 seconds
Refreshing native plugins compatible for Editor in 2.09 ms, found 4 plugins.
Preloading 0 native plugins for Editor in 0.00 ms.
Unloading 3335 Unused Serialized files (Serialized files now loaded: 0)
System memory in use before: 148.9 MB.
System memory in use after: 149.1 MB.

Unloading 44 unused Assets to reduce memory usage. Loaded Objects now: 3808.
Total: 10.704800 ms (FindLiveObjects: 1.128700 ms CreateObjectMapping: 0.822700 ms MarkObjects: 8.522400 ms  DeleteObjects: 0.227200 ms)

AssetImportParameters requested are different than current active one (requested -> active):
  custom:framework-win-MediaFoundation: 216162199b28c13a410421893ffa2e32 -> 
  custom:video-decoder-ogg-theora: a1e56fd34408186e4bbccfd4996cb3dc -> 
  custom:container-muxer-webm: aa71ff27fc2769a1b78a27578f13a17b -> 
  custom:container-demuxer-webm: 4f35f7cbe854078d1ac9338744f61a02 -> 
  custom:container-demuxer-ogg: 62fdf1f143b41e24485cea50d1cbac27 -> 
  custom:video-encoder-webm-vp8: eb34c28f22e8b96e1ab97ce403110664 -> 
  custom:video-decoder-webm-vp8: 9c59270c3fd7afecdb556c50c9e8de78 -> 
  custom:audio-decoder-ogg-vorbis: bf7c407c2cedff20999df2af8eb42d56 -> 
  custom:audio-encoder-webm-vorbis: bf7c407c2cedff20999df2af8eb42d56 -> 
========================================================================
Received Import Request.
  path: Assets/Shaders
  artifactKey: Guid(56fe3b05da9405a4fa21dbea54e89dc2) Importer(815301076,1909f56bfc062723c751e8b465ee728b)
Start importing Assets/Shaders using Guid(56fe3b05da9405a4fa21dbea54e89dc2) Importer(815301076,1909f56bfc062723c751e8b465ee728b)  -> (artifact id: '50d216042f3ad8a7f890be7a22618b4c') in 0.022778 seconds 
========================================================================
Received Import Request.
  Time since last request: 82.491375 seconds.
  path: Assets/Shaders/lit.shadergraph
  artifactKey: Guid(fa94a807c259fe94e93988bb4fbe17b0) Importer(815301076,1909f56bfc062723c751e8b465ee728b)
Start importing Assets/Shaders/lit.shadergraph using Guid(fa94a807c259fe94e93988bb4fbe17b0) Importer(815301076,1909f56bfc062723c751e8b465ee728b)  -> (artifact id: 'b992b1e8d1b906c456279dbe59c3ab69') in 0.159793 seconds 
========================================================================
Received Import Request.
  Time since last request: 13.994892 seconds.
  path: Assets/Shaders/unlit.shadergraph
  artifactKey: Guid(0b95a9073874c8646b065b16f5a92fbd) Importer(815301076,1909f56bfc062723c751e8b465ee728b)
Start importing Assets/Shaders/unlit.shadergraph using Guid(0b95a9073874c8646b065b16f5a92fbd) Importer(815301076,1909f56bfc062723c751e8b465ee728b)  -> (artifact id: '21bd89e217b0d4cf0848932d14217361') in 0.018222 seconds 
========================================================================
Received Import Request.
  Time since last request: 40.052187 seconds.
  path: Assets/Shaders/standartSurfaceShader.shader
  artifactKey: Guid(ee7719c6f46330c4091d2f781a04a711) Importer(815301076,1909f56bfc062723c751e8b465ee728b)
Start importing Assets/Shaders/standartSurfaceShader.shader using Guid(ee7719c6f46330c4091d2f781a04a711) Importer(815301076,1909f56bfc062723c751e8b465ee728b)  -> (artifact id: 'b596b9906cb991972cc5c8deaebe3930') in 0.119741 seconds 
========================================================================
Received Import Request.
  Time since last request: 21.178238 seconds.
  path: Assets/Shaders/unlitShader.shader
  artifactKey: Guid(fc329cbfe61b9c843ae83927c7933f62) Importer(815301076,1909f56bfc062723c751e8b465ee728b)
Start importing Assets/Shaders/unlitShader.shader using Guid(fc329cbfe61b9c843ae83927c7933f62) Importer(815301076,1909f56bfc062723c751e8b465ee728b)  -> (artifact id: '84d2506b5b3a799f713c875e0d4be848') in 0.017083 seconds 
AssetImportWorkerClient::OnTransportError - code=2 error=End of file
