Using pre-set license
Built from '2021.1/staging' branch; Version is '2021.1.11f1 (4d8c25f7477e) revision 5082149'; Using compiler version '192528614'; Build Type 'Release'
OS: 'Windows 10 Home; OS build 18363.1256; Version 1909; 64bit' Language: 'ru' Physical Memory: 32614 MB
BatchMode: 1, IsHumanControllingUs: 0, StartBugReporterOnCrash: 0, Is64bit: 1, IsPro: 0

 COMMAND LINE ARGUMENTS:
D:\unity\unity\Unity_Itself\2021.1.11f1\Editor\Unity.exe
-adb2
-batchMode
-noUpm
-name
AssetImportWorker0
-projectPath
D:/unity/games/gmtk_jam_2021/gmtk_jam_2021_horror
-logFile
Logs/AssetImportWorker0.log
-srvPort
60056
Successfully changed project path to: D:/unity/games/gmtk_jam_2021/gmtk_jam_2021_horror
D:/unity/games/gmtk_jam_2021/gmtk_jam_2021_horror
Using Asset Import Pipeline V2.
Refreshing native plugins compatible for Editor in 258.44 ms, found 4 plugins.
Preloading 0 native plugins for Editor in 0.00 ms.
Initialize engine version: 2021.1.11f1 (4d8c25f7477e)
[Subsystems] Discovering subsystems at path D:/unity/unity/Unity_Itself/2021.1.11f1/Editor/Data/Resources/UnitySubsystems
[Subsystems] Discovering subsystems at path D:/unity/games/gmtk_jam_2021/gmtk_jam_2021_horror/Assets
GfxDevice: creating device client; threaded=0; jobified=0
Direct3D:
    Version:  Direct3D 11.0 [level 11.1]
    Renderer: NVIDIA GeForce GTX 1050 Ti (ID=0x1c8c)
    Vendor:   NVIDIA
    VRAM:     4021 MB
    Driver:   27.21.14.6677
Shader 'Universal Render Pipeline/Particles/Lit': fallback shader 'Universal Render Pipeline/Particles/SimpleLit' not found
Initialize mono
Mono path[0] = 'D:/unity/unity/Unity_Itself/2021.1.11f1/Editor/Data/Managed'
Mono path[1] = 'D:/unity/unity/Unity_Itself/2021.1.11f1/Editor/Data/MonoBleedingEdge/lib/mono/unityjit'
Mono config path = 'D:/unity/unity/Unity_Itself/2021.1.11f1/Editor/Data/MonoBleedingEdge/etc'
Using monoOptions --debugger-agent=transport=dt_socket,embedding=1,server=y,suspend=n,address=127.0.0.1:56912
Begin MonoManager ReloadAssembly
Registering precompiled unity dll's ...
Register platform support module: D:/unity/unity/Unity_Itself/2021.1.11f1/Editor/Data/PlaybackEngines/WebGLSupport/UnityEditor.WebGL.Extensions.dll
Register platform support module: D:/unity/unity/Unity_Itself/2021.1.11f1/Editor/Data/PlaybackEngines/WindowsStandaloneSupport/UnityEditor.WindowsStandalone.Extensions.dll
Registered in 0.004479 seconds.
Native extension for WindowsStandalone target not found
Native extension for WebGL target not found
Refreshing native plugins compatible for Editor in 229.86 ms, found 4 plugins.
Preloading 0 native plugins for Editor in 0.00 ms.
Mono: successfully reloaded assembly
- Completed reload, in  4.612 seconds
Domain Reload Profiling:
	ReloadAssembly (4613ms)
		BeginReloadAssembly (213ms)
			ExecutionOrderSort (0ms)
			DisableScriptedObjects (0ms)
			BackupInstance (0ms)
			ReleaseScriptingObjects (0ms)
			CreateAndSetChildDomain (3ms)
		EndReloadAssembly (2000ms)
			LoadAssemblies (209ms)
			RebuildTransferFunctionScriptingTraits (0ms)
			SetupTypeCache (813ms)
			ReleaseScriptCaches (0ms)
			RebuildScriptCaches (128ms)
			SetupLoadedEditorAssemblies (884ms)
				LogAssemblyErrors (0ms)
				InitializePlatformSupportModulesInManaged (29ms)
				SetLoadedEditorAssemblies (1ms)
				RefreshPlugins (230ms)
				BeforeProcessingInitializeOnLoad (5ms)
				ProcessInitializeOnLoadAttributes (470ms)
				ProcessInitializeOnLoadMethodAttributes (148ms)
				AfterProcessingInitializeOnLoad (0ms)
				EditorAssembliesLoaded (1ms)
			ExecutionOrderSort2 (0ms)
			AwakeInstancesAfterBackupRestoration (0ms)
Platform modules already initialized, skipping
Registering precompiled user dll's ...
Registered in 0.034362 seconds.
Begin MonoManager ReloadAssembly
Symbol file LoadedFromMemory is not a mono symbol file
Symbol file LoadedFromMemory is not a mono symbol file
Symbol file LoadedFromMemory is not a mono symbol file
Symbol file LoadedFromMemory is not a mono symbol file
Symbol file LoadedFromMemory is not a mono symbol file
Symbol file LoadedFromMemory is not a mono symbol file
Symbol file LoadedFromMemory is not a mono symbol file
Symbol file LoadedFromMemory is not a mono symbol file
Symbol file LoadedFromMemory is not a mono symbol file
Symbol file LoadedFromMemory is not a mono symbol file
Symbol file LoadedFromMemory is not a mono symbol file
Native extension for WindowsStandalone target not found
Native extension for WebGL target not found
Refreshing native plugins compatible for Editor in 355.66 ms, found 4 plugins.
Preloading 0 native plugins for Editor in 0.00 ms.
Mono: successfully reloaded assembly
- Completed reload, in  7.642 seconds
Domain Reload Profiling:
	ReloadAssembly (7644ms)
		BeginReloadAssembly (720ms)
			ExecutionOrderSort (0ms)
			DisableScriptedObjects (18ms)
			BackupInstance (0ms)
			ReleaseScriptingObjects (0ms)
			CreateAndSetChildDomain (71ms)
		EndReloadAssembly (6649ms)
			LoadAssemblies (519ms)
			RebuildTransferFunctionScriptingTraits (0ms)
			SetupTypeCache (2784ms)
			ReleaseScriptCaches (2ms)
			RebuildScriptCaches (378ms)
			SetupLoadedEditorAssemblies (2181ms)
				LogAssemblyErrors (0ms)
				InitializePlatformSupportModulesInManaged (28ms)
				SetLoadedEditorAssemblies (1ms)
				RefreshPlugins (356ms)
				BeforeProcessingInitializeOnLoad (420ms)
				ProcessInitializeOnLoadAttributes (1288ms)
				ProcessInitializeOnLoadMethodAttributes (69ms)
				AfterProcessingInitializeOnLoad (19ms)
				EditorAssembliesLoaded (1ms)
			ExecutionOrderSort2 (0ms)
			AwakeInstancesAfterBackupRestoration (49ms)
Platform modules already initialized, skipping
========================================================================
Worker process is ready to serve import requests
Shader 'Universal Render Pipeline/Particles/Lit': fallback shader 'Universal Render Pipeline/Particles/SimpleLit' not found
Launched and connected shader compiler UnityShaderCompiler.exe after 0.33 seconds
Refreshing native plugins compatible for Editor in 2.22 ms, found 4 plugins.
Preloading 0 native plugins for Editor in 0.00 ms.
Unloading 3322 Unused Serialized files (Serialized files now loaded: 0)
System memory in use before: 148.5 MB.
System memory in use after: 148.7 MB.

Unloading 44 unused Assets to reduce memory usage. Loaded Objects now: 3795.
Total: 11.748900 ms (FindLiveObjects: 0.906100 ms CreateObjectMapping: 0.806100 ms MarkObjects: 9.668400 ms  DeleteObjects: 0.364000 ms)

AssetImportParameters requested are different than current active one (requested -> active):
  custom:framework-win-MediaFoundation: 216162199b28c13a410421893ffa2e32 -> 
  custom:video-decoder-ogg-theora: a1e56fd34408186e4bbccfd4996cb3dc -> 
  custom:container-muxer-webm: aa71ff27fc2769a1b78a27578f13a17b -> 
  custom:container-demuxer-webm: 4f35f7cbe854078d1ac9338744f61a02 -> 
  custom:container-demuxer-ogg: 62fdf1f143b41e24485cea50d1cbac27 -> 
  custom:video-encoder-webm-vp8: eb34c28f22e8b96e1ab97ce403110664 -> 
  custom:video-decoder-webm-vp8: 9c59270c3fd7afecdb556c50c9e8de78 -> 
  custom:audio-decoder-ogg-vorbis: bf7c407c2cedff20999df2af8eb42d56 -> 
  custom:audio-encoder-webm-vorbis: bf7c407c2cedff20999df2af8eb42d56 -> 
========================================================================
Received Import Request.
  path: Assets/Scripts/MyObjectMovement.cs
  artifactKey: Guid(fba1e29b26a1b8549afd5e5be3567cab) Importer(815301076,1909f56bfc062723c751e8b465ee728b)
Start importing Assets/Scripts/MyObjectMovement.cs using Guid(fba1e29b26a1b8549afd5e5be3567cab) Importer(815301076,1909f56bfc062723c751e8b465ee728b)  -> (artifact id: '39e5ac90c9447f254956688f10e139f5') in 0.269193 seconds 
========================================================================
Received Import Request.
  Time since last request: 48.466858 seconds.
  path: Assets/Scripts/MyObjectMovement.cs
  artifactKey: Guid(fba1e29b26a1b8549afd5e5be3567cab) Importer(815301076,1909f56bfc062723c751e8b465ee728b)
Start importing Assets/Scripts/MyObjectMovement.cs using Guid(fba1e29b26a1b8549afd5e5be3567cab) Importer(815301076,1909f56bfc062723c751e8b465ee728b)  -> (artifact id: '71e9bf03ca011a325935ddcc61142b6a') in 0.007605 seconds 
========================================================================
Received Prepare
Registering precompiled user dll's ...
Registered in 0.022292 seconds.
Begin MonoManager ReloadAssembly
Symbol file LoadedFromMemory is not a mono symbol file
Symbol file LoadedFromMemory is not a mono symbol file
Symbol file LoadedFromMemory is not a mono symbol file
Symbol file LoadedFromMemory is not a mono symbol file
Symbol file LoadedFromMemory is not a mono symbol file
Symbol file LoadedFromMemory is not a mono symbol file
Symbol file LoadedFromMemory is not a mono symbol file
Symbol file LoadedFromMemory is not a mono symbol file
Symbol file LoadedFromMemory is not a mono symbol file
Symbol file LoadedFromMemory is not a mono symbol file
Symbol file LoadedFromMemory is not a mono symbol file
Native extension for WindowsStandalone target not found
Native extension for WebGL target not found
Refreshing native plugins compatible for Editor in 1.96 ms, found 4 plugins.
Preloading 0 native plugins for Editor in 0.00 ms.
Mono: successfully reloaded assembly
- Completed reload, in  5.460 seconds
Domain Reload Profiling:
	ReloadAssembly (5461ms)
		BeginReloadAssembly (508ms)
			ExecutionOrderSort (0ms)
			DisableScriptedObjects (22ms)
			BackupInstance (0ms)
			ReleaseScriptingObjects (0ms)
			CreateAndSetChildDomain (172ms)
		EndReloadAssembly (4433ms)
			LoadAssemblies (519ms)
			RebuildTransferFunctionScriptingTraits (0ms)
			SetupTypeCache (1785ms)
			ReleaseScriptCaches (6ms)
			RebuildScriptCaches (305ms)
			SetupLoadedEditorAssemblies (1272ms)
				LogAssemblyErrors (0ms)
				InitializePlatformSupportModulesInManaged (22ms)
				SetLoadedEditorAssemblies (2ms)
				RefreshPlugins (2ms)
				BeforeProcessingInitializeOnLoad (279ms)
				ProcessInitializeOnLoadAttributes (927ms)
				ProcessInitializeOnLoadMethodAttributes (33ms)
				AfterProcessingInitializeOnLoad (8ms)
				EditorAssembliesLoaded (1ms)
			ExecutionOrderSort2 (0ms)
			AwakeInstancesAfterBackupRestoration (78ms)
Platform modules already initialized, skipping
Shader 'Universal Render Pipeline/Particles/Lit': fallback shader 'Universal Render Pipeline/Particles/SimpleLit' not found
Refreshing native plugins compatible for Editor in 2.39 ms, found 4 plugins.
Preloading 0 native plugins for Editor in 0.00 ms.
Unloading 3191 Unused Serialized files (Serialized files now loaded: 0)
System memory in use before: 139.5 MB.
System memory in use after: 139.7 MB.

Unloading 33 unused Assets to reduce memory usage. Loaded Objects now: 3798.
Total: 8.625600 ms (FindLiveObjects: 0.612600 ms CreateObjectMapping: 0.525800 ms MarkObjects: 7.418900 ms  DeleteObjects: 0.064900 ms)

AssetImportParameters requested are different than current active one (requested -> active):
  custom:framework-win-MediaFoundation: 216162199b28c13a410421893ffa2e32 -> 
  custom:video-decoder-ogg-theora: a1e56fd34408186e4bbccfd4996cb3dc -> 
  custom:container-muxer-webm: aa71ff27fc2769a1b78a27578f13a17b -> 
  custom:container-demuxer-webm: 4f35f7cbe854078d1ac9338744f61a02 -> 
  custom:container-demuxer-ogg: 62fdf1f143b41e24485cea50d1cbac27 -> 
  custom:video-encoder-webm-vp8: eb34c28f22e8b96e1ab97ce403110664 -> 
  custom:video-decoder-webm-vp8: 9c59270c3fd7afecdb556c50c9e8de78 -> 
  custom:audio-decoder-ogg-vorbis: bf7c407c2cedff20999df2af8eb42d56 -> 
  custom:audio-encoder-webm-vorbis: bf7c407c2cedff20999df2af8eb42d56 -> 
========================================================================
Received Import Request.
  Time since last request: 48155.605721 seconds.
  path: Assets/Scripts/behaviours/Basic.cs
  artifactKey: Guid(bdeefc0d44ca92641954cf1fc3e4f6ed) Importer(815301076,1909f56bfc062723c751e8b465ee728b)
Start importing Assets/Scripts/behaviours/Basic.cs using Guid(bdeefc0d44ca92641954cf1fc3e4f6ed) Importer(815301076,1909f56bfc062723c751e8b465ee728b)  -> (artifact id: 'cb91ceb7141db361115e9b680f06037d') in 0.118196 seconds 
========================================================================
Received Import Request.
  Time since last request: 16328.485958 seconds.
  path: Assets/Universal Sound FX/BUTTONS
  artifactKey: Guid(3ee2999c82a9f7248941e57a920e1fb6) Importer(815301076,1909f56bfc062723c751e8b465ee728b)
Start importing Assets/Universal Sound FX/BUTTONS using Guid(3ee2999c82a9f7248941e57a920e1fb6) Importer(815301076,1909f56bfc062723c751e8b465ee728b)  -> (artifact id: '35e965f65c89bef8d9e191c8ca98b703') in 0.011389 seconds 
========================================================================
Received Import Request.
  Time since last request: 4.282739 seconds.
  path: Assets/Universal Sound FX/BUTTONS/BUTTON_Bright_Click_mono.wav
  artifactKey: Guid(1b735f22c197f9446bc8b541eef1eaa8) Importer(815301076,1909f56bfc062723c751e8b465ee728b)
Start importing Assets/Universal Sound FX/BUTTONS/BUTTON_Bright_Click_mono.wav using Guid(1b735f22c197f9446bc8b541eef1eaa8) Importer(815301076,1909f56bfc062723c751e8b465ee728b)  -> (artifact id: 'fbfefe7604641789aaf15fd8031cf81f') in 1.186712 seconds 
========================================================================
Received Import Request.
  Time since last request: 5.711006 seconds.
  path: Assets/Universal Sound FX/BUTTONS/BUTTON_Clean_mono.wav
  artifactKey: Guid(e89a82170f95767489e62110bcb7c809) Importer(815301076,1909f56bfc062723c751e8b465ee728b)
Start importing Assets/Universal Sound FX/BUTTONS/BUTTON_Clean_mono.wav using Guid(e89a82170f95767489e62110bcb7c809) Importer(815301076,1909f56bfc062723c751e8b465ee728b)  -> (artifact id: '03a893248096fcb7704649fb17071b09') in 0.039522 seconds 
========================================================================
Received Import Request.
  Time since last request: 7.677360 seconds.
  path: Assets/Universal Sound FX/BUTTONS/BUTTON_Clean_Tap_mono.wav
  artifactKey: Guid(bf59b2a161f0d6d4f94ec3570d62072d) Importer(815301076,1909f56bfc062723c751e8b465ee728b)
Start importing Assets/Universal Sound FX/BUTTONS/BUTTON_Clean_Tap_mono.wav using Guid(bf59b2a161f0d6d4f94ec3570d62072d) Importer(815301076,1909f56bfc062723c751e8b465ee728b)  -> (artifact id: '0f1c03f15d1adbdc7e018b1a83611e3f') in 0.030801 seconds 
========================================================================
Received Import Request.
  Time since last request: 7.148666 seconds.
  path: Assets/Universal Sound FX/BUTTONS/BUTTON_Clean_with_Tail_mono.wav
  artifactKey: Guid(7ba51157809bf1b488190a740813e4e0) Importer(815301076,1909f56bfc062723c751e8b465ee728b)
Start importing Assets/Universal Sound FX/BUTTONS/BUTTON_Clean_with_Tail_mono.wav using Guid(7ba51157809bf1b488190a740813e4e0) Importer(815301076,1909f56bfc062723c751e8b465ee728b)  -> (artifact id: '5f95cbb1281bc2ac7e1132149b506f18') in 0.030918 seconds 
========================================================================
Received Import Request.
  Time since last request: 6.218251 seconds.
  path: Assets/Universal Sound FX/BUTTONS/BUTTON_Click_Compressor_Small_01_stereo.wav
  artifactKey: Guid(d6dcddd5ea003984ebec73c5d4db55d3) Importer(815301076,1909f56bfc062723c751e8b465ee728b)
Start importing Assets/Universal Sound FX/BUTTONS/BUTTON_Click_Compressor_Small_01_stereo.wav using Guid(d6dcddd5ea003984ebec73c5d4db55d3) Importer(815301076,1909f56bfc062723c751e8b465ee728b)  -> (artifact id: '0d0de43a078e0db46ba06b826b3a273c') in 0.037689 seconds 
========================================================================
Received Import Request.
  Time since last request: 15.809897 seconds.
  path: Assets/Universal Sound FX/BUTTONS/BUTTON_Click_Electric_Sander_Crop_01_stereo.wav
  artifactKey: Guid(25ff759af00ef664f988295868dd7283) Importer(815301076,1909f56bfc062723c751e8b465ee728b)
Start importing Assets/Universal Sound FX/BUTTONS/BUTTON_Click_Electric_Sander_Crop_01_stereo.wav using Guid(25ff759af00ef664f988295868dd7283) Importer(815301076,1909f56bfc062723c751e8b465ee728b)  -> (artifact id: 'a60b6b800d7bc6274587cb3647108d7e') in 0.030873 seconds 
========================================================================
Received Import Request.
  Time since last request: 6.703549 seconds.
  path: Assets/Universal Sound FX/BUTTONS/BUTTON_Click_Electric_Sander_Faded_01_stereo.wav
  artifactKey: Guid(ff9e999b1f975e848bca8aff291293a1) Importer(815301076,1909f56bfc062723c751e8b465ee728b)
Start importing Assets/Universal Sound FX/BUTTONS/BUTTON_Click_Electric_Sander_Faded_01_stereo.wav using Guid(ff9e999b1f975e848bca8aff291293a1) Importer(815301076,1909f56bfc062723c751e8b465ee728b)  -> (artifact id: '75bf9c87d4340b27f4afbe91250e0f55') in 0.028941 seconds 
========================================================================
Received Import Request.
  Time since last request: 6.729059 seconds.
  path: Assets/Universal Sound FX/BUTTONS/BUTTON_Click_Euro_Power_Socket_Lid_01_stereo.wav
  artifactKey: Guid(3dccc6b2bef8a7941b7d3f0ed9bcd909) Importer(815301076,1909f56bfc062723c751e8b465ee728b)
Start importing Assets/Universal Sound FX/BUTTONS/BUTTON_Click_Euro_Power_Socket_Lid_01_stereo.wav using Guid(3dccc6b2bef8a7941b7d3f0ed9bcd909) Importer(815301076,1909f56bfc062723c751e8b465ee728b)  -> (artifact id: '6bcc1a02923b09e1036c2f9cb148722f') in 0.031946 seconds 
========================================================================
Received Import Request.
  Time since last request: 13.273299 seconds.
  path: Assets/Universal Sound FX/BUTTONS/BUTTON_Click_Power_Socket_Lid_01_stereo.wav
  artifactKey: Guid(7c7e42e84c46924488e1e950eebb6f83) Importer(815301076,1909f56bfc062723c751e8b465ee728b)
Start importing Assets/Universal Sound FX/BUTTONS/BUTTON_Click_Power_Socket_Lid_01_stereo.wav using Guid(7c7e42e84c46924488e1e950eebb6f83) Importer(815301076,1909f56bfc062723c751e8b465ee728b)  -> (artifact id: 'd5820ee3ad1be47ab0e36874a2e1d4bb') in 0.031372 seconds 
========================================================================
Received Import Request.
  Time since last request: 5.857974 seconds.
  path: Assets/Universal Sound FX/BUTTONS/BUTTON_Click_Power_Socket_Lid_02_stereo.wav
  artifactKey: Guid(4ab1219f6a3baaf4bb56bb6e7ffb8506) Importer(815301076,1909f56bfc062723c751e8b465ee728b)
Start importing Assets/Universal Sound FX/BUTTONS/BUTTON_Click_Power_Socket_Lid_02_stereo.wav using Guid(4ab1219f6a3baaf4bb56bb6e7ffb8506) Importer(815301076,1909f56bfc062723c751e8b465ee728b)  -> (artifact id: '7d7ca1c9be2b4257a6150095c38650e5') in 0.043343 seconds 
========================================================================
Received Import Request.
  Time since last request: 18.930620 seconds.
  path: Assets/Universal Sound FX/BUTTONS/BUTTON_Light_Switch_01_stereo.wav
  artifactKey: Guid(eb7309801fa80774ebd10478e7d40b0c) Importer(815301076,1909f56bfc062723c751e8b465ee728b)
Start importing Assets/Universal Sound FX/BUTTONS/BUTTON_Light_Switch_01_stereo.wav using Guid(eb7309801fa80774ebd10478e7d40b0c) Importer(815301076,1909f56bfc062723c751e8b465ee728b)  -> (artifact id: '8a1e3efc0be9949cbd80dd61adba9827') in 0.034300 seconds 
========================================================================
Received Import Request.
  Time since last request: 4.715683 seconds.
  path: Assets/Universal Sound FX/BUTTONS/BUTTON_Light_Switch_02_stereo.wav
  artifactKey: Guid(8dc7c53abd836034e89cf728e83897fd) Importer(815301076,1909f56bfc062723c751e8b465ee728b)
Start importing Assets/Universal Sound FX/BUTTONS/BUTTON_Light_Switch_02_stereo.wav using Guid(8dc7c53abd836034e89cf728e83897fd) Importer(815301076,1909f56bfc062723c751e8b465ee728b)  -> (artifact id: 'd3e843c082977cb92605f6bae44fb5e9') in 0.029920 seconds 
========================================================================
Received Import Request.
  Time since last request: 2.371249 seconds.
  path: Assets/Universal Sound FX/BUTTONS/BUTTON_Light_Switch_03_stereo.wav
  artifactKey: Guid(ec353dbb7139e8a4ea0582778aeb8faa) Importer(815301076,1909f56bfc062723c751e8b465ee728b)
Start importing Assets/Universal Sound FX/BUTTONS/BUTTON_Light_Switch_03_stereo.wav using Guid(ec353dbb7139e8a4ea0582778aeb8faa) Importer(815301076,1909f56bfc062723c751e8b465ee728b)  -> (artifact id: '8b06ebbde4f280df4a95e802753d3a3b') in 0.034881 seconds 
========================================================================
Received Import Request.
  Time since last request: 2.199725 seconds.
  path: Assets/Universal Sound FX/BUTTONS/BUTTON_Light_Switch_04_stereo.wav
  artifactKey: Guid(4769ed89ecde2984c8f30143e2460cdd) Importer(815301076,1909f56bfc062723c751e8b465ee728b)
Start importing Assets/Universal Sound FX/BUTTONS/BUTTON_Light_Switch_04_stereo.wav using Guid(4769ed89ecde2984c8f30143e2460cdd) Importer(815301076,1909f56bfc062723c751e8b465ee728b)  -> (artifact id: '3c976baccc199281a1afa1697b4d8a29') in 0.034575 seconds 
========================================================================
Received Prepare
Registering precompiled user dll's ...
Registered in 3.119476 seconds.
Begin MonoManager ReloadAssembly
Symbol file LoadedFromMemory is not a mono symbol file
Symbol file LoadedFromMemory is not a mono symbol file
Symbol file LoadedFromMemory is not a mono symbol file
Symbol file LoadedFromMemory is not a mono symbol file
Symbol file LoadedFromMemory is not a mono symbol file
Symbol file LoadedFromMemory is not a mono symbol file
Symbol file LoadedFromMemory is not a mono symbol file
Symbol file LoadedFromMemory is not a mono symbol file
Symbol file LoadedFromMemory is not a mono symbol file
Symbol file LoadedFromMemory is not a mono symbol file
Symbol file LoadedFromMemory is not a mono symbol file
Native extension for WindowsStandalone target not found
Native extension for WebGL target not found
Refreshing native plugins compatible for Editor in 9.44 ms, found 6 plugins.
Preloading 0 native plugins for Editor in 0.00 ms.
RefreshInfo: StopAssetImportingV2(NoUpdateAssetOptions) scanfilter: 
RefreshProfiler: Total: 0.000ms
Mono: successfully reloaded assembly
- Completed reload, in  7.137 seconds
Domain Reload Profiling:
	ReloadAssembly (7141ms)
		BeginReloadAssembly (909ms)
			ExecutionOrderSort (0ms)
			DisableScriptedObjects (88ms)
			BackupInstance (0ms)
			ReleaseScriptingObjects (1ms)
			CreateAndSetChildDomain (504ms)
		EndReloadAssembly (5922ms)
			LoadAssemblies (681ms)
			RebuildTransferFunctionScriptingTraits (0ms)
			SetupTypeCache (2020ms)
			ReleaseScriptCaches (6ms)
			RebuildScriptCaches (297ms)
			SetupLoadedEditorAssemblies (1904ms)
				LogAssemblyErrors (0ms)
				InitializePlatformSupportModulesInManaged (48ms)
				SetLoadedEditorAssemblies (3ms)
				RefreshPlugins (10ms)
				BeforeProcessingInitializeOnLoad (398ms)
				ProcessInitializeOnLoadAttributes (1284ms)
				ProcessInitializeOnLoadMethodAttributes (149ms)
				AfterProcessingInitializeOnLoad (11ms)
				EditorAssembliesLoaded (1ms)
			ExecutionOrderSort2 (0ms)
			AwakeInstancesAfterBackupRestoration (72ms)
Platform modules already initialized, skipping
Shader 'Universal Render Pipeline/Particles/Lit': fallback shader 'Universal Render Pipeline/Particles/SimpleLit' not found
Refreshing native plugins compatible for Editor in 4.52 ms, found 6 plugins.
Preloading 0 native plugins for Editor in 0.00 ms.
Unloading 61 Unused Serialized files (Serialized files now loaded: 0)
System memory in use before: 83.3 MB.
System memory in use after: 83.5 MB.

Unloading 90 unused Assets to reduce memory usage. Loaded Objects now: 3869.
Total: 12.802700 ms (FindLiveObjects: 1.007500 ms CreateObjectMapping: 0.888000 ms MarkObjects: 10.585500 ms  DeleteObjects: 0.316900 ms)

AssetImportParameters requested are different than current active one (requested -> active):
  custom:framework-win-MediaFoundation: 216162199b28c13a410421893ffa2e32 -> 
  custom:video-decoder-ogg-theora: a1e56fd34408186e4bbccfd4996cb3dc -> 
  custom:container-muxer-webm: aa71ff27fc2769a1b78a27578f13a17b -> 
  custom:container-demuxer-webm: 4f35f7cbe854078d1ac9338744f61a02 -> 
  custom:container-demuxer-ogg: 62fdf1f143b41e24485cea50d1cbac27 -> 
  custom:video-encoder-webm-vp8: eb34c28f22e8b96e1ab97ce403110664 -> 
  custom:video-decoder-webm-vp8: 9c59270c3fd7afecdb556c50c9e8de78 -> 
  custom:audio-decoder-ogg-vorbis: bf7c407c2cedff20999df2af8eb42d56 -> 
  custom:audio-encoder-webm-vorbis: bf7c407c2cedff20999df2af8eb42d56 -> 
========================================================================
Received Import Request.
  Time since last request: 8548.662823 seconds.
  path: Assets/Plugins/FMOD/Resources/FMODStudioSettings.asset
  artifactKey: Guid(2eca474ed7d50ca4eb87cc439092680c) Importer(815301076,1909f56bfc062723c751e8b465ee728b)
Start importing Assets/Plugins/FMOD/Resources/FMODStudioSettings.asset using Guid(2eca474ed7d50ca4eb87cc439092680c) Importer(815301076,1909f56bfc062723c751e8b465ee728b) [FMOD] Cannot find properties for platform default, creating default properties
UnityEngine.StackTraceUtility:ExtractStackTrace ()
UnityEngine.DebugLogHandler:LogFormat (UnityEngine.LogType,UnityEngine.Object,string,object[])
UnityEngine.Logger:LogFormat (UnityEngine.LogType,string,object[])
UnityEngine.Debug:LogFormat (string,object[])
FMODUnity.Settings:AffirmPlatformProperties (FMODUnity.Platform) (at Assets/Plugins/FMOD/src/Runtime/Settings.cs:735)
FMODUnity.Settings:AddMissingPlatforms () (at Assets/Plugins/FMOD/src/Runtime/Settings.cs:447)
FMODUnity.Settings:OnEnable () (at Assets/Plugins/FMOD/src/Runtime/Settings.cs:803)

(Filename: Assets/Plugins/FMOD/src/Runtime/Settings.cs Line: 735)

[FMOD] Cannot find properties for platform playInEditor, creating default properties
UnityEngine.StackTraceUtility:ExtractStackTrace ()
UnityEngine.DebugLogHandler:LogFormat (UnityEngine.LogType,UnityEngine.Object,string,object[])
UnityEngine.Logger:LogFormat (UnityEngine.LogType,string,object[])
UnityEngine.Debug:LogFormat (string,object[])
FMODUnity.Settings:AffirmPlatformProperties (FMODUnity.Platform) (at Assets/Plugins/FMOD/src/Runtime/Settings.cs:735)
FMODUnity.Settings:AddMissingPlatforms () (at Assets/Plugins/FMOD/src/Runtime/Settings.cs:448)
FMODUnity.Settings:OnEnable () (at Assets/Plugins/FMOD/src/Runtime/Settings.cs:803)

(Filename: Assets/Plugins/FMOD/src/Runtime/Settings.cs Line: 735)

 -> (artifact id: '3b3004f78ed02585a56f0b28877da581') in 0.230489 seconds 
AssetImportWorkerClient::OnTransportError - code=2 error=End of file
